-- The C compiler identification is GNU 7.4.0
-- The CXX compiler identification is GNU 7.4.0
-- Check for working C compiler: /usr/bin/cc
-- Check for working C compiler: /usr/bin/cc -- works
-- Detecting C compiler ABI info
-- Detecting C compiler ABI info - done
-- Detecting C compile features
-- Detecting C compile features - done
-- Check for working CXX compiler: /usr/bin/c++
-- Check for working CXX compiler: /usr/bin/c++ -- works
-- Detecting CXX compiler ABI info
-- Detecting CXX compiler ABI info - done
-- Detecting CXX compile features
-- Detecting CXX compile features - done
-- Found ament_cmake: 0.7.3 (/opt/ros/dashing/share/ament_cmake/cmake)
-- Found PythonInterp: /usr/bin/python3 (found suitable version "3.6.8", minimum required is "3") 
-- Using PYTHON_EXECUTABLE: /usr/bin/python3
-- Override CMake install command with custom implementation using symlinks instead of copying resources
-- Found rosidl_default_generators: 0.7.0 (/opt/ros/dashing/share/rosidl_default_generators/cmake)
-- Found RTI Connext: /opt/rti.com/rti_connext_dds-5.3.1
-- Found rosidl_adapter: 0.7.4 (/opt/ros/dashing/share/rosidl_adapter/cmake)
-- Found OpenSSL: /usr/lib/x86_64-linux-gnu/libcrypto.so (found version "1.1.1") 
-- Found FastRTPS: /opt/ros/dashing/include  
-- Found PrismTech OpenSplice: /usr/share/opensplice/cmake
-- Found std_msgs: 0.7.0 (/opt/ros/dashing/share/std_msgs/cmake)
-- Found geometry_msgs: 0.7.0 (/opt/ros/dashing/share/geometry_msgs/cmake)
-- Found rclcpp: 0.7.6 (/opt/ros/dashing/share/rclcpp/cmake)
-- Found rmw_implementation_cmake: 0.7.2 (/opt/ros/dashing/share/rmw_implementation_cmake/cmake)
-- Looking for pthread.h
-- Looking for pthread.h - found
-- Looking for pthread_create
-- Looking for pthread_create - not found
-- Looking for pthread_create in pthreads
-- Looking for pthread_create in pthreads - not found
-- Looking for pthread_create in pthread
-- Looking for pthread_create in pthread - found
-- Found Threads: TRUE  
-- Found rclcpp_lifecycle: 0.7.6 (/opt/ros/dashing/share/rclcpp_lifecycle/cmake)
-- Found PythonInterp: /usr/bin/python3 (found version "3.6.8") 
-- Using all available rosidl_typesupport_c: rosidl_typesupport_connext_c;rosidl_typesupport_fastrtps_c;rosidl_typesupport_introspection_c;rosidl_typesupport_opensplice_c
-- Using all available rosidl_typesupport_cpp: rosidl_typesupport_connext_cpp;rosidl_typesupport_fastrtps_cpp;rosidl_typesupport_introspection_cpp;rosidl_typesupport_opensplice_cpp
-- Found PythonInterp: /usr/bin/python3 (found suitable version "3.6.8", minimum required is "3.5") 
-- Found python_cmake_module: 0.7.7 (/opt/ros/dashing/share/python_cmake_module/cmake)
-- Found PythonLibs: /usr/lib/x86_64-linux-gnu/libpython3.6m.so (found suitable version "3.6.8", minimum required is "3.5") 
-- Using PYTHON_EXECUTABLE: /usr/bin/python3
-- Using PYTHON_INCLUDE_DIRS: /usr/include/python3.6m
-- Using PYTHON_LIBRARIES: /usr/lib/x86_64-linux-gnu/libpython3.6m.so
-- Found PythonExtra: .so  
-- Configuring done
-- Generating done
-- Build files have been written to: /home/iclab/kym_fira/src/ros2/ros2_ws/build/strategy
[35m[1mScanning dependencies of target strategy__dds_opensplice_idl[0m
[35m[1mScanning dependencies of target strategy__dds_connext_idl[0m
[  1%] [34m[1mGenerating C code for ROS interfaces[0m
[35m[1mScanning dependencies of target strategy__cpp[0m
[  2%] [34m[1mGenerating DDS interfaces[0m
[  4%] [34m[1mGenerating DDS interfaces[0m
[  5%] [34m[1mGenerating C++ code for ROS interfaces[0m
[  5%] Built target strategy__dds_connext_idl
[  5%] Built target strategy__dds_opensplice_idl
[  5%] Built target strategy__cpp
[  7%] [34m[1mGenerating C++ type support dispatch for ROS interfaces[0m
[  8%] [34m[1mGenerating C++ introspection for ROS interfaces[0m
[ 10%] [34m[1mGenerating C++ type support for RTI Connext (using '/opt/rti.com/rti_connext_dds-5.3.1/bin/rtiddsgen_server')[0m
[35m[1mScanning dependencies of target strategy__rosidl_generator_c[0m
[ 11%] [32mBuilding C object CMakeFiles/strategy__rosidl_generator_c.dir/rosidl_generator_c/strategy/msg/robot_state__functions.c.o[0m
[ 13%] [32m[1mLinking C shared library libstrategy__rosidl_generator_c.so[0m
[35m[1mScanning dependencies of target strategy__rosidl_typesupport_cpp[0m
[ 13%] Built target strategy__rosidl_generator_c
[35m[1mScanning dependencies of target strategy__rosidl_typesupport_introspection_cpp[0m
[ 14%] [32mBuilding CXX object CMakeFiles/strategy__rosidl_typesupport_cpp.dir/rosidl_typesupport_cpp/strategy/msg/robot_state__type_support.cpp.o[0m
[ 16%] [34m[1mGenerating C++ type support for eProsima Fast-RTPS[0m
[ 17%] [32mBuilding CXX object CMakeFiles/strategy__rosidl_typesupport_introspection_cpp.dir/rosidl_typesupport_introspection_cpp/strategy/msg/robot_state__type_support.cpp.o[0m
[ 19%] [32m[1mLinking CXX shared library libstrategy__rosidl_typesupport_introspection_cpp.so[0m
[ 20%] [32m[1mLinking CXX shared library libstrategy__rosidl_typesupport_cpp.so[0m
[ 20%] Built target strategy__rosidl_typesupport_introspection_cpp
[ 22%] [34m[1mGenerating C++ type support for PrismTech OpenSplice[0m
[35m[1mScanning dependencies of target strategy__rosidl_typesupport_fastrtps_cpp[0m
[ 22%] Built target strategy__rosidl_typesupport_cpp
[ 23%] [32mBuilding CXX object CMakeFiles/strategy__rosidl_typesupport_fastrtps_cpp.dir/rosidl_typesupport_fastrtps_cpp/strategy/msg/dds_fastrtps/robot_state__type_support.cpp.o[0m
[ 25%] [34m[1mGenerating C introspection for ROS interfaces[0m
[35m[1mScanning dependencies of target strategy__rosidl_typesupport_introspection_c[0m
[ 26%] [32mBuilding C object CMakeFiles/strategy__rosidl_typesupport_introspection_c.dir/rosidl_typesupport_introspection_c/strategy/msg/robot_state__type_support.c.o[0m
[ 28%] [32m[1mLinking C shared library libstrategy__rosidl_typesupport_introspection_c.so[0m
[ 29%] [32m[1mLinking CXX shared library libstrategy__rosidl_typesupport_fastrtps_cpp.so[0m
[ 29%] Built target strategy__rosidl_typesupport_introspection_c
[35m[1mScanning dependencies of target strategy__rosidl_typesupport_opensplice_cpp[0m
[ 31%] [34m[1mGenerating C type support dispatch for ROS interfaces[0m
[ 31%] Built target strategy__rosidl_typesupport_fastrtps_cpp
[ 32%] [34m[1mGenerating C type support for eProsima Fast-RTPS[0m
[ 34%] [32mBuilding CXX object CMakeFiles/strategy__rosidl_typesupport_opensplice_cpp.dir/rosidl_typesupport_opensplice_cpp/strategy/msg/dds_opensplice/robot_state__type_support.cpp.o[0m
[35m[1mScanning dependencies of target strategy__rosidl_typesupport_c[0m
[ 35%] [32mBuilding CXX object CMakeFiles/strategy__rosidl_typesupport_c.dir/rosidl_typesupport_c/strategy/msg/robot_state__type_support.cpp.o[0m
[35m[1mScanning dependencies of target strategy__rosidl_typesupport_fastrtps_c[0m
[ 37%] [32m[1mLinking CXX shared library libstrategy__rosidl_typesupport_c.so[0m
[ 38%] [32mBuilding CXX object CMakeFiles/strategy__rosidl_typesupport_fastrtps_c.dir/rosidl_typesupport_fastrtps_c/strategy/msg/robot_state__type_support_c.cpp.o[0m
[ 38%] Built target strategy__rosidl_typesupport_c
[ 40%] [32mBuilding CXX object CMakeFiles/strategy__rosidl_typesupport_opensplice_cpp.dir/rosidl_typesupport_opensplice_cpp/strategy/msg/dds_opensplice/RobotState_.cpp.o[0m
INFO com.rti.ndds.nddsgen.Main Running rtiddsgen version 2.5.2, please wait ...
INFO com.rti.ndds.nddsgen.Main Done
[ 41%] [32mBuilding CXX object CMakeFiles/strategy__rosidl_typesupport_opensplice_cpp.dir/rosidl_typesupport_opensplice_cpp/strategy/msg/dds_opensplice/RobotState_Dcps.cpp.o[0m
[35m[1mScanning dependencies of target strategy__rosidl_typesupport_connext_cpp[0m
[ 43%] [32mBuilding CXX object CMakeFiles/strategy__rosidl_typesupport_opensplice_cpp.dir/rosidl_typesupport_opensplice_cpp/strategy/msg/dds_opensplice/RobotState_Dcps_impl.cpp.o[0m
[ 44%] [32mBuilding CXX object CMakeFiles/strategy__rosidl_typesupport_connext_cpp.dir/rosidl_typesupport_connext_cpp/strategy/msg/dds_connext/robot_state__type_support.cpp.o[0m
[ 46%] [32mBuilding CXX object CMakeFiles/strategy__rosidl_typesupport_opensplice_cpp.dir/rosidl_typesupport_opensplice_cpp/strategy/msg/dds_opensplice/RobotState_SplDcps.cpp.o[0m
[ 47%] [32m[1mLinking CXX shared library libstrategy__rosidl_typesupport_fastrtps_c.so[0m
[ 47%] Built target strategy__rosidl_typesupport_fastrtps_c
[ 49%] [32mBuilding CXX object CMakeFiles/strategy__rosidl_typesupport_connext_cpp.dir/rosidl_typesupport_connext_cpp/strategy/msg/dds_connext/RobotState_.cxx.o[0m
[ 50%] [32mBuilding CXX object CMakeFiles/strategy__rosidl_typesupport_connext_cpp.dir/rosidl_typesupport_connext_cpp/strategy/msg/dds_connext/RobotState_Plugin.cxx.o[0m
[ 52%] [32m[1mLinking CXX shared library libstrategy__rosidl_typesupport_opensplice_cpp.so[0m
[ 53%] [32mBuilding CXX object CMakeFiles/strategy__rosidl_typesupport_connext_cpp.dir/rosidl_typesupport_connext_cpp/strategy/msg/dds_connext/RobotState_Support.cxx.o[0m
[ 55%] Built target strategy__rosidl_typesupport_opensplice_cpp
[ 56%] [34m[1mGenerating C type support for PrismTech OpenSplice[0m
[ 58%] [32m[1mLinking CXX shared library libstrategy__rosidl_typesupport_connext_cpp.so[0m
[35m[1mScanning dependencies of target strategy__rosidl_typesupport_opensplice_c[0m
[ 59%] [32mBuilding CXX object CMakeFiles/strategy__rosidl_typesupport_opensplice_c.dir/rosidl_typesupport_opensplice_c/strategy/msg/dds_opensplice_c/robot_state__type_support_c.cpp.o[0m
[ 61%] [32mBuilding CXX object CMakeFiles/strategy__rosidl_typesupport_opensplice_c.dir/rosidl_typesupport_opensplice_cpp/strategy/msg/dds_opensplice/RobotState_.cpp.o[0m
[ 62%] [32mBuilding CXX object CMakeFiles/strategy__rosidl_typesupport_opensplice_c.dir/rosidl_typesupport_opensplice_cpp/strategy/msg/dds_opensplice/RobotState_Dcps.cpp.o[0m
[ 64%] [32mBuilding CXX object CMakeFiles/strategy__rosidl_typesupport_opensplice_c.dir/rosidl_typesupport_opensplice_cpp/strategy/msg/dds_opensplice/RobotState_Dcps_impl.cpp.o[0m
[ 65%] [32mBuilding CXX object CMakeFiles/strategy__rosidl_typesupport_opensplice_c.dir/rosidl_typesupport_opensplice_cpp/strategy/msg/dds_opensplice/RobotState_SplDcps.cpp.o[0m
[ 67%] Built target strategy__rosidl_typesupport_connext_cpp
[ 68%] [34m[1mGenerating C type support for RTI Connext[0m
[ 70%] [32m[1mLinking CXX shared library libstrategy__rosidl_typesupport_opensplice_c.so[0m
[35m[1mScanning dependencies of target strategy__rosidl_typesupport_connext_c[0m
[ 73%] Built target strategy__rosidl_typesupport_opensplice_c
[ 74%] [32mBuilding CXX object CMakeFiles/strategy__rosidl_typesupport_connext_c.dir/rosidl_typesupport_connext_c/strategy/msg/dds_connext/robot_state__type_support_c.cpp.o[0m
[ 76%] [32mBuilding CXX object CMakeFiles/strategy__rosidl_typesupport_connext_c.dir/rosidl_typesupport_connext_cpp/strategy/msg/dds_connext/RobotState_.cxx.o[0m
[ 77%] [32mBuilding CXX object CMakeFiles/strategy__rosidl_typesupport_connext_c.dir/rosidl_typesupport_connext_cpp/strategy/msg/dds_connext/RobotState_Plugin.cxx.o[0m
[ 79%] [32mBuilding CXX object CMakeFiles/strategy__rosidl_typesupport_connext_c.dir/rosidl_typesupport_connext_cpp/strategy/msg/dds_connext/RobotState_Support.cxx.o[0m
[ 80%] [32m[1mLinking CXX shared library libstrategy__rosidl_typesupport_connext_c.so[0m
[ 83%] Built target strategy__rosidl_typesupport_connext_c
[35m[1mScanning dependencies of target strategy[0m
[ 83%] Built target strategy
[35m[1mScanning dependencies of target strategy__py[0m
[ 85%] [34m[1mGenerating Python code for ROS interfaces[0m
[ 85%] Built target strategy__py
[35m[1mScanning dependencies of target strategy__python[0m
[ 86%] [32mBuilding C object CMakeFiles/strategy__python.dir/rosidl_generator_py/strategy/msg/_robot_state_s.c.o[0m
[ 88%] [32m[1mLinking C shared library rosidl_generator_py/strategy/libstrategy__python.so[0m
[ 88%] Built target strategy__python
[35m[1mScanning dependencies of target strategy__rosidl_typesupport_connext_c__pyext[0m
[35m[1mScanning dependencies of target strategy__rosidl_typesupport_c__pyext[0m
[35m[1mScanning dependencies of target strategy__rosidl_typesupport_opensplice_c__pyext[0m
[35m[1mScanning dependencies of target strategy__rosidl_typesupport_fastrtps_c__pyext[0m
[ 89%] [32mBuilding C object CMakeFiles/strategy__rosidl_typesupport_fastrtps_c__pyext.dir/rosidl_generator_py/strategy/_strategy_s.ep.rosidl_typesupport_fastrtps_c.c.o[0m
[ 91%] [32mBuilding C object CMakeFiles/strategy__rosidl_typesupport_connext_c__pyext.dir/rosidl_generator_py/strategy/_strategy_s.ep.rosidl_typesupport_connext_c.c.o[0m
[ 92%] [32mBuilding C object CMakeFiles/strategy__rosidl_typesupport_c__pyext.dir/rosidl_generator_py/strategy/_strategy_s.ep.rosidl_typesupport_c.c.o[0m
[ 94%] [32mBuilding C object CMakeFiles/strategy__rosidl_typesupport_opensplice_c__pyext.dir/rosidl_generator_py/strategy/_strategy_s.ep.rosidl_typesupport_opensplice_c.c.o[0m
[ 95%] [32m[1mLinking C shared library rosidl_generator_py/strategy/strategy_s__rosidl_typesupport_fastrtps_c.cpython-36m-x86_64-linux-gnu.so[0m
[ 97%] [32m[1mLinking C shared library rosidl_generator_py/strategy/strategy_s__rosidl_typesupport_connext_c.cpython-36m-x86_64-linux-gnu.so[0m
[ 98%] [32m[1mLinking C shared library rosidl_generator_py/strategy/strategy_s__rosidl_typesupport_c.cpython-36m-x86_64-linux-gnu.so[0m
[100%] [32m[1mLinking C shared library rosidl_generator_py/strategy/strategy_s__rosidl_typesupport_opensplice_c.cpython-36m-x86_64-linux-gnu.so[0m
[100%] Built target strategy__rosidl_typesupport_fastrtps_c__pyext
[100%] Built target strategy__rosidl_typesupport_c__pyext
[100%] Built target strategy__rosidl_typesupport_opensplice_c__pyext
[100%] Built target strategy__rosidl_typesupport_connext_c__pyext
[  4%] Built target strategy__rosidl_generator_c
[  5%] Built target strategy__cpp
[ 10%] Built target strategy__rosidl_typesupport_cpp
[ 14%] Built target strategy__rosidl_typesupport_introspection_cpp
[ 16%] Built target strategy__dds_connext_idl
[ 26%] Built target strategy__rosidl_typesupport_connext_cpp
[ 38%] Built target strategy__rosidl_typesupport_connext_c
[ 43%] Built target strategy__rosidl_typesupport_c
[ 47%] Built target strategy__rosidl_typesupport_fastrtps_cpp
[ 52%] Built target strategy__rosidl_typesupport_fastrtps_c
[ 53%] Built target strategy__dds_opensplice_idl
[ 65%] Built target strategy__rosidl_typesupport_opensplice_cpp
[ 79%] Built target strategy__rosidl_typesupport_opensplice_c
[ 83%] Built target strategy__rosidl_typesupport_introspection_c
[ 83%] Built target strategy
[ 85%] Built target strategy__py
[ 88%] Built target strategy__python
[ 91%] Built target strategy__rosidl_typesupport_connext_c__pyext
[ 94%] Built target strategy__rosidl_typesupport_c__pyext
[ 97%] Built target strategy__rosidl_typesupport_opensplice_c__pyext
[100%] Built target strategy__rosidl_typesupport_fastrtps_c__pyext
[36mInstall the project...[0m
-- Install configuration: ""
-- Execute custom install script
-- Symlinking: /home/iclab/kym_fira/src/ros2/ros2_ws/install/strategy/share/ament_index/resource_index/rosidl_interfaces/strategy
-- Symlinking: /home/iclab/kym_fira/src/ros2/ros2_ws/install/strategy/lib/libstrategy__rosidl_typesupport_c.so
-- Symlinking: /home/iclab/kym_fira/src/ros2/ros2_ws/install/strategy/share/strategy/environment/library_path.sh
-- Symlinking: /home/iclab/kym_fira/src/ros2/ros2_ws/install/strategy/lib/libstrategy__rosidl_typesupport_cpp.so
-- Symlinking: /home/iclab/kym_fira/src/ros2/ros2_ws/install/strategy/include/strategy/msg/robot_state__rosidl_typesupport_connext_c.h
-- Symlinking: /home/iclab/kym_fira/src/ros2/ros2_ws/install/strategy/include/strategy/msg/rosidl_typesupport_connext_c__visibility_control.h
-- Symlinking: /home/iclab/kym_fira/src/ros2/ros2_ws/install/strategy/lib/libstrategy__rosidl_typesupport_connext_c.so
-- Symlinking: /home/iclab/kym_fira/src/ros2/ros2_ws/install/strategy/include/strategy/msg/robot_state.h
-- Symlinking: /home/iclab/kym_fira/src/ros2/ros2_ws/install/strategy/include/strategy/msg/robot_state__functions.h
-- Symlinking: /home/iclab/kym_fira/src/ros2/ros2_ws/install/strategy/include/strategy/msg/robot_state__struct.h
-- Symlinking: /home/iclab/kym_fira/src/ros2/ros2_ws/install/strategy/include/strategy/msg/robot_state__type_support.h
-- Symlinking: /home/iclab/kym_fira/src/ros2/ros2_ws/install/strategy/include/strategy/msg/rosidl_generator_c__visibility_control.h
-- Symlinking: /home/iclab/kym_fira/src/ros2/ros2_ws/install/strategy/lib/libstrategy__rosidl_generator_c.so
-- Symlinking: /home/iclab/kym_fira/src/ros2/ros2_ws/install/strategy/share/strategy/msg/dds_connext/RobotState_.idl
-- Symlinking: /home/iclab/kym_fira/src/ros2/ros2_ws/install/strategy/include/strategy/msg/dds_connext/RobotState_.cxx
-- Symlinking: /home/iclab/kym_fira/src/ros2/ros2_ws/install/strategy/include/strategy/msg/dds_connext/RobotState_.h
-- Symlinking: /home/iclab/kym_fira/src/ros2/ros2_ws/install/strategy/include/strategy/msg/dds_connext/RobotState_Plugin.cxx
-- Symlinking: /home/iclab/kym_fira/src/ros2/ros2_ws/install/strategy/include/strategy/msg/dds_connext/RobotState_Plugin.h
-- Symlinking: /home/iclab/kym_fira/src/ros2/ros2_ws/install/strategy/include/strategy/msg/dds_connext/RobotState_Support.cxx
-- Symlinking: /home/iclab/kym_fira/src/ros2/ros2_ws/install/strategy/include/strategy/msg/dds_connext/RobotState_Support.h
-- Symlinking: /home/iclab/kym_fira/src/ros2/ros2_ws/install/strategy/include/strategy/msg/robot_state__rosidl_typesupport_connext_cpp.hpp
-- Symlinking: /home/iclab/kym_fira/src/ros2/ros2_ws/install/strategy/include/strategy/msg/rosidl_typesupport_connext_cpp__visibility_control.h
-- Symlinking: /home/iclab/kym_fira/src/ros2/ros2_ws/install/strategy/lib/libstrategy__rosidl_typesupport_connext_cpp.so
-- Symlinking: /home/iclab/kym_fira/src/ros2/ros2_ws/install/strategy/include/strategy/msg/robot_state.hpp
-- Symlinking: /home/iclab/kym_fira/src/ros2/ros2_ws/install/strategy/include/strategy/msg/robot_state__struct.hpp
-- Symlinking: /home/iclab/kym_fira/src/ros2/ros2_ws/install/strategy/include/strategy/msg/robot_state__traits.hpp
-- Symlinking: /home/iclab/kym_fira/src/ros2/ros2_ws/install/strategy/include/strategy/msg/robot_state__rosidl_typesupport_fastrtps_c.h
-- Symlinking: /home/iclab/kym_fira/src/ros2/ros2_ws/install/strategy/include/strategy/msg/rosidl_typesupport_fastrtps_c__visibility_control.h
-- Symlinking: /home/iclab/kym_fira/src/ros2/ros2_ws/install/strategy/lib/libstrategy__rosidl_typesupport_fastrtps_c.so
-- Symlinking: /home/iclab/kym_fira/src/ros2/ros2_ws/install/strategy/include/strategy/msg/robot_state__rosidl_typesupport_fastrtps_cpp.hpp
-- Symlinking: /home/iclab/kym_fira/src/ros2/ros2_ws/install/strategy/include/strategy/msg/rosidl_typesupport_fastrtps_cpp__visibility_control.h
-- Symlinking: /home/iclab/kym_fira/src/ros2/ros2_ws/install/strategy/lib/libstrategy__rosidl_typesupport_fastrtps_cpp.so
-- Symlinking: /home/iclab/kym_fira/src/ros2/ros2_ws/install/strategy/include/strategy/msg/robot_state__rosidl_typesupport_introspection_c.h
-- Symlinking: /home/iclab/kym_fira/src/ros2/ros2_ws/install/strategy/include/strategy/msg/rosidl_typesupport_introspection_c__visibility_control.h
-- Symlinking: /home/iclab/kym_fira/src/ros2/ros2_ws/install/strategy/lib/libstrategy__rosidl_typesupport_introspection_c.so
-- Symlinking: /home/iclab/kym_fira/src/ros2/ros2_ws/install/strategy/include/strategy/msg/robot_state__rosidl_typesupport_opensplice_c.h
-- Symlinking: /home/iclab/kym_fira/src/ros2/ros2_ws/install/strategy/include/strategy/msg/rosidl_typesupport_opensplice_c__visibility_control.h
-- Symlinking: /home/iclab/kym_fira/src/ros2/ros2_ws/install/strategy/lib/libstrategy__rosidl_typesupport_opensplice_c.so
-- Symlinking: /home/iclab/kym_fira/src/ros2/ros2_ws/install/strategy/share/strategy/msg/dds_opensplice/RobotState_.idl
-- Symlinking: /home/iclab/kym_fira/src/ros2/ros2_ws/install/strategy/include/strategy/msg/dds_opensplice/RobotState_.h
-- Symlinking: /home/iclab/kym_fira/src/ros2/ros2_ws/install/strategy/include/strategy/msg/dds_opensplice/RobotState_Dcps.h
-- Symlinking: /home/iclab/kym_fira/src/ros2/ros2_ws/install/strategy/include/strategy/msg/dds_opensplice/RobotState_Dcps_impl.h
-- Symlinking: /home/iclab/kym_fira/src/ros2/ros2_ws/install/strategy/include/strategy/msg/dds_opensplice/RobotState_SplDcps.h
-- Symlinking: /home/iclab/kym_fira/src/ros2/ros2_ws/install/strategy/include/strategy/msg/dds_opensplice/ccpp_RobotState_.h
-- Symlinking: /home/iclab/kym_fira/src/ros2/ros2_ws/install/strategy/include/strategy/msg/robot_state__rosidl_typesupport_opensplice_cpp.hpp
-- Symlinking: /home/iclab/kym_fira/src/ros2/ros2_ws/install/strategy/include/strategy/msg/rosidl_typesupport_opensplice_cpp__visibility_control.h
-- Symlinking: /home/iclab/kym_fira/src/ros2/ros2_ws/install/strategy/lib/libstrategy__rosidl_typesupport_opensplice_cpp.so
-- Symlinking: /home/iclab/kym_fira/src/ros2/ros2_ws/install/strategy/include/strategy/msg/robot_state__rosidl_typesupport_introspection_cpp.hpp
-- Symlinking: /home/iclab/kym_fira/src/ros2/ros2_ws/install/strategy/lib/libstrategy__rosidl_typesupport_introspection_cpp.so
-- Symlinking: /home/iclab/kym_fira/src/ros2/ros2_ws/install/strategy/share/strategy/environment/pythonpath.sh
-- Symlinking: /home/iclab/kym_fira/src/ros2/ros2_ws/install/strategy/lib/python3.6/site-packages/strategy/__init__.py
-- Symlinking: /home/iclab/kym_fira/src/ros2/ros2_ws/install/strategy/lib/python3.6/site-packages/strategy/msg/__init__.py
-- Symlinking: /home/iclab/kym_fira/src/ros2/ros2_ws/install/strategy/lib/python3.6/site-packages/strategy/msg/_robot_state.py
-- Symlinking: /home/iclab/kym_fira/src/ros2/ros2_ws/install/strategy/lib/python3.6/site-packages/strategy/strategy_s__rosidl_typesupport_c.cpython-36m-x86_64-linux-gnu.so
-- Symlinking: /home/iclab/kym_fira/src/ros2/ros2_ws/install/strategy/lib/python3.6/site-packages/strategy/strategy_s__rosidl_typesupport_connext_c.cpython-36m-x86_64-linux-gnu.so
-- Symlinking: /home/iclab/kym_fira/src/ros2/ros2_ws/install/strategy/lib/python3.6/site-packages/strategy/strategy_s__rosidl_typesupport_fastrtps_c.cpython-36m-x86_64-linux-gnu.so
-- Symlinking: /home/iclab/kym_fira/src/ros2/ros2_ws/install/strategy/lib/python3.6/site-packages/strategy/strategy_s__rosidl_typesupport_opensplice_c.cpython-36m-x86_64-linux-gnu.so
-- Symlinking: /home/iclab/kym_fira/src/ros2/ros2_ws/install/strategy/lib/libstrategy__python.so
-- Symlinking: /home/iclab/kym_fira/src/ros2/ros2_ws/install/strategy/share/strategy/msg/RobotState.idl
-- Symlinking: /home/iclab/kym_fira/src/ros2/ros2_ws/install/strategy/share/strategy/msg/RobotState.msg
-- Symlinking: /home/iclab/kym_fira/src/ros2/ros2_ws/install/strategy/share/strategy/my_mapping_rules.yaml
-- Symlinking: /home/iclab/kym_fira/src/ros2/ros2_ws/install/strategy/share/ament_index/resource_index/package_run_dependencies/strategy
-- Symlinking: /home/iclab/kym_fira/src/ros2/ros2_ws/install/strategy/share/ament_index/resource_index/parent_prefix_path/strategy
-- Symlinking: /home/iclab/kym_fira/src/ros2/ros2_ws/install/strategy/share/strategy/environment/ament_prefix_path.sh
-- Symlinking: /home/iclab/kym_fira/src/ros2/ros2_ws/install/strategy/share/strategy/environment/path.sh
-- Symlinking: /home/iclab/kym_fira/src/ros2/ros2_ws/install/strategy/share/strategy/local_setup.bash
-- Symlinking: /home/iclab/kym_fira/src/ros2/ros2_ws/install/strategy/share/strategy/local_setup.sh
-- Symlinking: /home/iclab/kym_fira/src/ros2/ros2_ws/install/strategy/share/strategy/local_setup.zsh
-- Symlinking: /home/iclab/kym_fira/src/ros2/ros2_ws/install/strategy/share/ament_index/resource_index/packages/strategy
-- Symlinking: /home/iclab/kym_fira/src/ros2/ros2_ws/install/strategy/share/strategy/cmake/rosidl_cmake-extras.cmake
-- Symlinking: /home/iclab/kym_fira/src/ros2/ros2_ws/install/strategy/share/strategy/cmake/ament_cmake_export_dependencies-extras.cmake
-- Symlinking: /home/iclab/kym_fira/src/ros2/ros2_ws/install/strategy/share/strategy/cmake/ament_cmake_export_libraries-extras.cmake
-- Symlinking: /home/iclab/kym_fira/src/ros2/ros2_ws/install/strategy/share/strategy/cmake/ament_cmake_export_include_directories-extras.cmake
-- Symlinking: /home/iclab/kym_fira/src/ros2/ros2_ws/install/strategy/share/strategy/cmake/rosidl_cmake_export_typesupport_libraries-extras.cmake
-- Symlinking: /home/iclab/kym_fira/src/ros2/ros2_ws/install/strategy/share/strategy/cmake/strategyConfig.cmake
-- Symlinking: /home/iclab/kym_fira/src/ros2/ros2_ws/install/strategy/share/strategy/cmake/strategyConfig-version.cmake
-- Symlinking: /home/iclab/kym_fira/src/ros2/ros2_ws/install/strategy/share/strategy/package.xml
Compiling '/home/iclab/kym_fira/src/ros2/ros2_ws/install/strategy/lib/python3.6/site-packages/strategy/__init__.py'...
