[0.306s] DEBUG:colcon:Command line arguments: ['/usr/bin/colcon', 'build', '--symlink-install', '--packages-select', 'strategy']
[0.306s] DEBUG:colcon:Parsed command line arguments: Namespace(ament_cmake_args=None, base_paths='.', build_base='build', catkin_cmake_args=None, catkin_skip_building_tests=False, cmake_args=None, cmake_clean_cache=False, cmake_clean_first=False, cmake_force_configure=False, cmake_target=None, cmake_target_skip_unavailable=False, continue_on_error=False, event_handlers=None, executor='parallel', ignore_user_meta=False, install_base='install', log_base=None, log_level=None, main=<bound method BuildVerb.main of <colcon_core.verb.build.BuildVerb object at 0x7f18e3f3b2e8>>, merge_install=False, metas='./colcon.meta', packages_above=None, packages_above_depth=None, packages_end=None, packages_ignore=None, packages_ignore_regex=None, packages_select=['strategy'], packages_select_build_failed=False, packages_select_by_dep=None, packages_select_regex=None, packages_select_test_failures=False, packages_skip=None, packages_skip_build_finished=False, packages_skip_by_dep=None, packages_skip_regex=None, packages_skip_test_passed=False, packages_skip_up_to=None, packages_start=None, packages_up_to=None, parallel_workers=4, paths=None, symlink_install=True, test_result_base=None, verb_extension=<colcon_core.verb.build.BuildVerb object at 0x7f18e3f3b2e8>, verb_name='build', verb_parser=<colcon_defaults.argument_parser.defaults.DefaultArgumentsDecorator object at 0x7f18e3f3b630>)
[0.383s] Level 1:colcon.colcon_core.package_discovery:discover_packages(colcon_meta) check parameters
[0.383s] Level 1:colcon.colcon_core.package_discovery:discover_packages(recursive) check parameters
[0.383s] Level 1:colcon.colcon_core.package_discovery:discover_packages(ignore) check parameters
[0.383s] Level 1:colcon.colcon_core.package_discovery:discover_packages(path) check parameters
[0.383s] Level 1:colcon.colcon_core.package_discovery:discover_packages(recursive) discover
[0.383s] INFO:colcon.colcon_core.package_discovery:Crawling recursively for packages in '/home/iclab/kym_fira/src/ros2/ros2_ws'
[0.384s] Level 1:colcon.colcon_core.package_identification:_identify(/home/iclab/kym_fira/src/ros2/ros2_ws) by extensions ['ignore', 'ignore_ament_install']
[0.384s] Level 1:colcon.colcon_core.package_identification:_identify(/home/iclab/kym_fira/src/ros2/ros2_ws) by extension 'ignore'
[0.384s] Level 1:colcon.colcon_core.package_identification:_identify(/home/iclab/kym_fira/src/ros2/ros2_ws) by extension 'ignore_ament_install'
[0.384s] Level 1:colcon.colcon_core.package_identification:_identify(/home/iclab/kym_fira/src/ros2/ros2_ws) by extensions ['colcon_pkg']
[0.384s] Level 1:colcon.colcon_core.package_identification:_identify(/home/iclab/kym_fira/src/ros2/ros2_ws) by extension 'colcon_pkg'
[0.384s] Level 1:colcon.colcon_core.package_identification:_identify(/home/iclab/kym_fira/src/ros2/ros2_ws) by extensions ['colcon_meta']
[0.384s] Level 1:colcon.colcon_core.package_identification:_identify(/home/iclab/kym_fira/src/ros2/ros2_ws) by extension 'colcon_meta'
[0.384s] Level 1:colcon.colcon_core.package_identification:_identify(/home/iclab/kym_fira/src/ros2/ros2_ws) by extensions ['ros']
[0.384s] Level 1:colcon.colcon_core.package_identification:_identify(/home/iclab/kym_fira/src/ros2/ros2_ws) by extension 'ros'
[0.405s] Level 1:colcon.colcon_core.package_identification:_identify(/home/iclab/kym_fira/src/ros2/ros2_ws) by extensions ['cmake', 'python']
[0.405s] Level 1:colcon.colcon_core.package_identification:_identify(/home/iclab/kym_fira/src/ros2/ros2_ws) by extension 'cmake'
[0.405s] Level 1:colcon.colcon_core.package_identification:_identify(/home/iclab/kym_fira/src/ros2/ros2_ws) by extension 'python'
[0.405s] Level 1:colcon.colcon_core.package_identification:_identify(/home/iclab/kym_fira/src/ros2/ros2_ws) by extensions ['python_setup_py']
[0.405s] Level 1:colcon.colcon_core.package_identification:_identify(/home/iclab/kym_fira/src/ros2/ros2_ws) by extension 'python_setup_py'
[0.405s] Level 1:colcon.colcon_core.package_identification:_identify(/home/iclab/kym_fira/src/ros2/ros2_ws/build) by extensions ['ignore', 'ignore_ament_install']
[0.406s] Level 1:colcon.colcon_core.package_identification:_identify(/home/iclab/kym_fira/src/ros2/ros2_ws/build) by extension 'ignore'
[0.406s] Level 1:colcon.colcon_core.package_identification:_identify(/home/iclab/kym_fira/src/ros2/ros2_ws/build) ignored
[0.406s] Level 1:colcon.colcon_core.package_identification:_identify(/home/iclab/kym_fira/src/ros2/ros2_ws/install) by extensions ['ignore', 'ignore_ament_install']
[0.406s] Level 1:colcon.colcon_core.package_identification:_identify(/home/iclab/kym_fira/src/ros2/ros2_ws/install) by extension 'ignore'
[0.406s] Level 1:colcon.colcon_core.package_identification:_identify(/home/iclab/kym_fira/src/ros2/ros2_ws/install) ignored
[0.406s] Level 1:colcon.colcon_core.package_identification:_identify(/home/iclab/kym_fira/src/ros2/ros2_ws/log) by extensions ['ignore', 'ignore_ament_install']
[0.406s] Level 1:colcon.colcon_core.package_identification:_identify(/home/iclab/kym_fira/src/ros2/ros2_ws/log) by extension 'ignore'
[0.406s] Level 1:colcon.colcon_core.package_identification:_identify(/home/iclab/kym_fira/src/ros2/ros2_ws/log) ignored
[0.407s] Level 1:colcon.colcon_core.package_identification:_identify(/home/iclab/kym_fira/src/ros2/ros2_ws/src) by extensions ['ignore', 'ignore_ament_install']
[0.407s] Level 1:colcon.colcon_core.package_identification:_identify(/home/iclab/kym_fira/src/ros2/ros2_ws/src) by extension 'ignore'
[0.407s] Level 1:colcon.colcon_core.package_identification:_identify(/home/iclab/kym_fira/src/ros2/ros2_ws/src) by extension 'ignore_ament_install'
[0.407s] Level 1:colcon.colcon_core.package_identification:_identify(/home/iclab/kym_fira/src/ros2/ros2_ws/src) by extensions ['colcon_pkg']
[0.407s] Level 1:colcon.colcon_core.package_identification:_identify(/home/iclab/kym_fira/src/ros2/ros2_ws/src) by extension 'colcon_pkg'
[0.407s] Level 1:colcon.colcon_core.package_identification:_identify(/home/iclab/kym_fira/src/ros2/ros2_ws/src) by extensions ['colcon_meta']
[0.407s] Level 1:colcon.colcon_core.package_identification:_identify(/home/iclab/kym_fira/src/ros2/ros2_ws/src) by extension 'colcon_meta'
[0.407s] Level 1:colcon.colcon_core.package_identification:_identify(/home/iclab/kym_fira/src/ros2/ros2_ws/src) by extensions ['ros']
[0.407s] Level 1:colcon.colcon_core.package_identification:_identify(/home/iclab/kym_fira/src/ros2/ros2_ws/src) by extension 'ros'
[0.407s] Level 1:colcon.colcon_core.package_identification:_identify(/home/iclab/kym_fira/src/ros2/ros2_ws/src) by extensions ['cmake', 'python']
[0.407s] Level 1:colcon.colcon_core.package_identification:_identify(/home/iclab/kym_fira/src/ros2/ros2_ws/src) by extension 'cmake'
[0.407s] Level 1:colcon.colcon_core.package_identification:_identify(/home/iclab/kym_fira/src/ros2/ros2_ws/src) by extension 'python'
[0.407s] Level 1:colcon.colcon_core.package_identification:_identify(/home/iclab/kym_fira/src/ros2/ros2_ws/src) by extensions ['python_setup_py']
[0.407s] Level 1:colcon.colcon_core.package_identification:_identify(/home/iclab/kym_fira/src/ros2/ros2_ws/src) by extension 'python_setup_py'
[0.407s] Level 1:colcon.colcon_core.package_identification:_identify(/home/iclab/kym_fira/src/ros2/ros2_ws/src/ros1_bridge) by extensions ['ignore', 'ignore_ament_install']
[0.408s] Level 1:colcon.colcon_core.package_identification:_identify(/home/iclab/kym_fira/src/ros2/ros2_ws/src/ros1_bridge) by extension 'ignore'
[0.408s] Level 1:colcon.colcon_core.package_identification:_identify(/home/iclab/kym_fira/src/ros2/ros2_ws/src/ros1_bridge) by extension 'ignore_ament_install'
[0.408s] Level 1:colcon.colcon_core.package_identification:_identify(/home/iclab/kym_fira/src/ros2/ros2_ws/src/ros1_bridge) by extensions ['colcon_pkg']
[0.408s] Level 1:colcon.colcon_core.package_identification:_identify(/home/iclab/kym_fira/src/ros2/ros2_ws/src/ros1_bridge) by extension 'colcon_pkg'
[0.408s] Level 1:colcon.colcon_core.package_identification:_identify(/home/iclab/kym_fira/src/ros2/ros2_ws/src/ros1_bridge) by extensions ['colcon_meta']
[0.408s] Level 1:colcon.colcon_core.package_identification:_identify(/home/iclab/kym_fira/src/ros2/ros2_ws/src/ros1_bridge) by extension 'colcon_meta'
[0.408s] Level 1:colcon.colcon_core.package_identification:_identify(/home/iclab/kym_fira/src/ros2/ros2_ws/src/ros1_bridge) by extensions ['ros']
[0.408s] Level 1:colcon.colcon_core.package_identification:_identify(/home/iclab/kym_fira/src/ros2/ros2_ws/src/ros1_bridge) by extension 'ros'
[0.414s] DEBUG:colcon.colcon_core.package_identification:Package '/home/iclab/kym_fira/src/ros2/ros2_ws/src/ros1_bridge' with type 'ros.ament_cmake' and name 'ros1_bridge'
[0.414s] Level 1:colcon.colcon_core.package_identification:_identify(/home/iclab/kym_fira/src/ros2/ros2_ws/src/strategy) by extensions ['ignore', 'ignore_ament_install']
[0.415s] Level 1:colcon.colcon_core.package_identification:_identify(/home/iclab/kym_fira/src/ros2/ros2_ws/src/strategy) by extension 'ignore'
[0.415s] Level 1:colcon.colcon_core.package_identification:_identify(/home/iclab/kym_fira/src/ros2/ros2_ws/src/strategy) by extension 'ignore_ament_install'
[0.415s] Level 1:colcon.colcon_core.package_identification:_identify(/home/iclab/kym_fira/src/ros2/ros2_ws/src/strategy) by extensions ['colcon_pkg']
[0.415s] Level 1:colcon.colcon_core.package_identification:_identify(/home/iclab/kym_fira/src/ros2/ros2_ws/src/strategy) by extension 'colcon_pkg'
[0.415s] Level 1:colcon.colcon_core.package_identification:_identify(/home/iclab/kym_fira/src/ros2/ros2_ws/src/strategy) by extensions ['colcon_meta']
[0.415s] Level 1:colcon.colcon_core.package_identification:_identify(/home/iclab/kym_fira/src/ros2/ros2_ws/src/strategy) by extension 'colcon_meta'
[0.415s] Level 1:colcon.colcon_core.package_identification:_identify(/home/iclab/kym_fira/src/ros2/ros2_ws/src/strategy) by extensions ['ros']
[0.415s] Level 1:colcon.colcon_core.package_identification:_identify(/home/iclab/kym_fira/src/ros2/ros2_ws/src/strategy) by extension 'ros'
[0.417s] DEBUG:colcon.colcon_core.package_identification:Package '/home/iclab/kym_fira/src/ros2/ros2_ws/src/strategy' with type 'ros.ament_cmake' and name 'strategy'
[0.417s] Level 1:colcon.colcon_core.package_discovery:discover_packages(recursive) using defaults
[0.422s] INFO:colcon.colcon_core.package_selection:Skipping not selected package 'ros1_bridge' in '/home/iclab/kym_fira/src/ros2/ros2_ws/src/ros1_bridge'
[0.428s] Level 5:colcon.colcon_core.verb:set package 'strategy' build argument 'cmake_args' from command line to 'None'
[0.428s] Level 5:colcon.colcon_core.verb:set package 'strategy' build argument 'cmake_target' from command line to 'None'
[0.428s] Level 5:colcon.colcon_core.verb:set package 'strategy' build argument 'cmake_target_skip_unavailable' from command line to 'False'
[0.428s] Level 5:colcon.colcon_core.verb:set package 'strategy' build argument 'cmake_clean_cache' from command line to 'False'
[0.428s] Level 5:colcon.colcon_core.verb:set package 'strategy' build argument 'cmake_clean_first' from command line to 'False'
[0.428s] Level 5:colcon.colcon_core.verb:set package 'strategy' build argument 'cmake_force_configure' from command line to 'False'
[0.428s] Level 5:colcon.colcon_core.verb:set package 'strategy' build argument 'ament_cmake_args' from command line to 'None'
[0.428s] Level 5:colcon.colcon_core.verb:set package 'strategy' build argument 'catkin_cmake_args' from command line to 'None'
[0.428s] Level 5:colcon.colcon_core.verb:set package 'strategy' build argument 'catkin_skip_building_tests' from command line to 'False'
[0.428s] DEBUG:colcon.colcon_core.verb:Building package 'strategy' with the following arguments: {'ament_cmake_args': None, 'build_base': '/home/iclab/kym_fira/src/ros2/ros2_ws/build/strategy', 'catkin_cmake_args': None, 'catkin_skip_building_tests': False, 'cmake_args': None, 'cmake_clean_cache': False, 'cmake_clean_first': False, 'cmake_force_configure': False, 'cmake_target': None, 'cmake_target_skip_unavailable': False, 'install_base': '/home/iclab/kym_fira/src/ros2/ros2_ws/install/strategy', 'merge_install': False, 'path': '/home/iclab/kym_fira/src/ros2/ros2_ws/src/strategy', 'symlink_install': True, 'test_result_base': None}
[0.429s] INFO:colcon.colcon_core.executor:Executing jobs using 'parallel' executor
[0.432s] DEBUG:colcon.colcon_parallel_executor.executor.parallel:run_until_complete
[0.432s] INFO:colcon.colcon_ros.task.ament_cmake.build:Building ROS package in '/home/iclab/kym_fira/src/ros2/ros2_ws/src/strategy' with build type 'ament_cmake'
[0.442s] INFO:colcon.colcon_core.plugin_system:Skipping extension 'colcon_core.shell.bat': Not used on non-Windows systems
[0.442s] INFO:colcon.colcon_cmake.task.cmake.build:Building CMake package in '/home/iclab/kym_fira/src/ros2/ros2_ws/src/strategy'
[0.443s] INFO:colcon.colcon_core.shell:Skip shell extension 'powershell' for command environment: Not usable outside of PowerShell
[0.443s] DEBUG:colcon.colcon_core.shell:Skip shell extension 'dsv' for command environment
[0.450s] DEBUG:colcon.colcon_core.shell:Ignoring prefix path '/opt/ros/dashing'
[0.450s] DEBUG:colcon.colcon_core.shell:Ignoring prefix path '/opt/ros/melodic'
[0.470s] DEBUG:colcon.colcon_core.event_handler.log_command:Invoking command in '/home/iclab/kym_fira/src/ros2/ros2_ws/build/strategy': CMAKE_PREFIX_PATH=/opt/ros/dashing:${CMAKE_PREFIX_PATH} /usr/bin/cmake /home/iclab/kym_fira/src/ros2/ros2_ws/src/strategy -DAMENT_CMAKE_SYMLINK_INSTALL=1 -DCMAKE_INSTALL_PREFIX=/home/iclab/kym_fira/src/ros2/ros2_ws/install/strategy
[5.623s] DEBUG:colcon.colcon_core.event_handler.log_command:Invoked command in '/home/iclab/kym_fira/src/ros2/ros2_ws/build/strategy' returned '0': CMAKE_PREFIX_PATH=/opt/ros/dashing:${CMAKE_PREFIX_PATH} /usr/bin/cmake /home/iclab/kym_fira/src/ros2/ros2_ws/src/strategy -DAMENT_CMAKE_SYMLINK_INSTALL=1 -DCMAKE_INSTALL_PREFIX=/home/iclab/kym_fira/src/ros2/ros2_ws/install/strategy
[5.629s] DEBUG:colcon.colcon_core.event_handler.log_command:Invoking command in '/home/iclab/kym_fira/src/ros2/ros2_ws/build/strategy': CMAKE_PREFIX_PATH=/opt/ros/dashing:${CMAKE_PREFIX_PATH} /usr/bin/cmake --build /home/iclab/kym_fira/src/ros2/ros2_ws/build/strategy -- -j4 -l4
[30.702s] DEBUG:colcon.colcon_core.event_handler.log_command:Invoked command in '/home/iclab/kym_fira/src/ros2/ros2_ws/build/strategy' returned '0': CMAKE_PREFIX_PATH=/opt/ros/dashing:${CMAKE_PREFIX_PATH} /usr/bin/cmake --build /home/iclab/kym_fira/src/ros2/ros2_ws/build/strategy -- -j4 -l4
[30.786s] DEBUG:colcon.colcon_core.event_handler.log_command:Invoking command in '/home/iclab/kym_fira/src/ros2/ros2_ws/build/strategy': CMAKE_PREFIX_PATH=/opt/ros/dashing:${CMAKE_PREFIX_PATH} /usr/bin/cmake --build /home/iclab/kym_fira/src/ros2/ros2_ws/build/strategy --target install
[32.526s] Level 1:colcon.colcon_core.environment:create_environment_scripts_only(strategy)
[32.528s] DEBUG:colcon.colcon_core.event_handler.log_command:Invoked command in '/home/iclab/kym_fira/src/ros2/ros2_ws/build/strategy' returned '0': CMAKE_PREFIX_PATH=/opt/ros/dashing:${CMAKE_PREFIX_PATH} /usr/bin/cmake --build /home/iclab/kym_fira/src/ros2/ros2_ws/build/strategy --target install
[32.534s] Level 1:colcon.colcon_core.environment:checking '/home/iclab/kym_fira/src/ros2/ros2_ws/install/strategy' for CMake module files
[32.536s] Level 1:colcon.colcon_core.environment:checking '/home/iclab/kym_fira/src/ros2/ros2_ws/install/strategy' for CMake config files
[32.537s] Level 1:colcon.colcon_core.shell:create_environment_hook('strategy', 'cmake_prefix_path')
[32.538s] INFO:colcon.colcon_core.shell:Creating environment hook '/home/iclab/kym_fira/src/ros2/ros2_ws/install/strategy/share/strategy/hook/cmake_prefix_path.ps1'
[32.540s] INFO:colcon.colcon_core.shell:Creating environment descriptor '/home/iclab/kym_fira/src/ros2/ros2_ws/install/strategy/share/strategy/hook/cmake_prefix_path.dsv'
[32.541s] INFO:colcon.colcon_core.shell:Creating environment hook '/home/iclab/kym_fira/src/ros2/ros2_ws/install/strategy/share/strategy/hook/cmake_prefix_path.sh'
[32.543s] Level 1:colcon.colcon_core.environment:checking '/home/iclab/kym_fira/src/ros2/ros2_ws/install/strategy/lib'
[32.543s] Level 1:colcon.colcon_core.shell:create_environment_hook('strategy', 'ld_library_path_lib')
[32.544s] INFO:colcon.colcon_core.shell:Creating environment hook '/home/iclab/kym_fira/src/ros2/ros2_ws/install/strategy/share/strategy/hook/ld_library_path_lib.ps1'
[32.545s] INFO:colcon.colcon_core.shell:Creating environment descriptor '/home/iclab/kym_fira/src/ros2/ros2_ws/install/strategy/share/strategy/hook/ld_library_path_lib.dsv'
[32.545s] INFO:colcon.colcon_core.shell:Creating environment hook '/home/iclab/kym_fira/src/ros2/ros2_ws/install/strategy/share/strategy/hook/ld_library_path_lib.sh'
[32.546s] Level 1:colcon.colcon_core.environment:checking '/home/iclab/kym_fira/src/ros2/ros2_ws/install/strategy/bin'
[32.546s] Level 1:colcon.colcon_core.environment:checking '/home/iclab/kym_fira/src/ros2/ros2_ws/install/strategy/lib/pkgconfig/strategy.pc'
[32.546s] Level 1:colcon.colcon_core.environment:checking '/home/iclab/kym_fira/src/ros2/ros2_ws/install/strategy/lib/python3.6/site-packages'
[32.546s] Level 1:colcon.colcon_core.shell:create_environment_hook('strategy', 'pythonpath')
[32.547s] INFO:colcon.colcon_core.shell:Creating environment hook '/home/iclab/kym_fira/src/ros2/ros2_ws/install/strategy/share/strategy/hook/pythonpath.ps1'
[32.548s] INFO:colcon.colcon_core.shell:Creating environment descriptor '/home/iclab/kym_fira/src/ros2/ros2_ws/install/strategy/share/strategy/hook/pythonpath.dsv'
[32.548s] INFO:colcon.colcon_core.shell:Creating environment hook '/home/iclab/kym_fira/src/ros2/ros2_ws/install/strategy/share/strategy/hook/pythonpath.sh'
[32.550s] INFO:colcon.colcon_core.shell:Creating package script '/home/iclab/kym_fira/src/ros2/ros2_ws/install/strategy/share/strategy/package.ps1'
[32.552s] INFO:colcon.colcon_core.shell:Creating package descriptor '/home/iclab/kym_fira/src/ros2/ros2_ws/install/strategy/share/strategy/package.dsv'
[32.553s] INFO:colcon.colcon_core.shell:Creating package script '/home/iclab/kym_fira/src/ros2/ros2_ws/install/strategy/share/strategy/package.sh'
[32.555s] INFO:colcon.colcon_core.shell:Creating package script '/home/iclab/kym_fira/src/ros2/ros2_ws/install/strategy/share/strategy/package.bash'
[32.556s] INFO:colcon.colcon_core.shell:Creating package script '/home/iclab/kym_fira/src/ros2/ros2_ws/install/strategy/share/strategy/package.zsh'
[32.560s] Level 1:colcon.colcon_core.environment:create_file_with_runtime_dependencies(/home/iclab/kym_fira/src/ros2/ros2_ws/install/strategy/share/colcon-core/packages/strategy)
[32.560s] DEBUG:colcon.colcon_parallel_executor.executor.parallel:closing loop
[32.562s] DEBUG:colcon.colcon_parallel_executor.executor.parallel:loop closed
[32.562s] DEBUG:colcon.colcon_parallel_executor.executor.parallel:run_until_complete finished with '0'
[32.562s] DEBUG:colcon.colcon_core.event_reactor:joining thread
[32.593s] INFO:colcon.colcon_core.plugin_system:Skipping extension 'colcon_notification.desktop_notification.terminal_notifier': Not used on non-Darwin systems
[32.593s] INFO:colcon.colcon_core.plugin_system:Skipping extension 'colcon_notification.desktop_notification.win32': Not used on non-Windows systems
[32.593s] INFO:colcon.colcon_notification.desktop_notification:Sending desktop notification using 'notify2'
[32.598s] DEBUG:colcon.colcon_core.event_reactor:joined thread
[32.599s] INFO:colcon.colcon_core.shell:Creating prefix script '/home/iclab/kym_fira/src/ros2/ros2_ws/install/local_setup.ps1'
[32.602s] INFO:colcon.colcon_core.shell:Creating prefix chain script '/home/iclab/kym_fira/src/ros2/ros2_ws/install/setup.ps1'
[32.618s] INFO:colcon.colcon_core.shell:Creating prefix script '/home/iclab/kym_fira/src/ros2/ros2_ws/install/local_setup.sh'
[32.624s] INFO:colcon.colcon_core.shell:Creating prefix util module '/home/iclab/kym_fira/src/ros2/ros2_ws/install/_local_setup_util_sh.py'
[32.629s] INFO:colcon.colcon_core.shell:Creating prefix chain script '/home/iclab/kym_fira/src/ros2/ros2_ws/install/setup.sh'
[32.635s] INFO:colcon.colcon_core.shell:Creating prefix script '/home/iclab/kym_fira/src/ros2/ros2_ws/install/local_setup.bash'
[32.637s] INFO:colcon.colcon_core.shell:Creating prefix chain script '/home/iclab/kym_fira/src/ros2/ros2_ws/install/setup.bash'
[32.642s] INFO:colcon.colcon_core.shell:Creating prefix script '/home/iclab/kym_fira/src/ros2/ros2_ws/install/local_setup.zsh'
[32.645s] INFO:colcon.colcon_core.shell:Creating prefix chain script '/home/iclab/kym_fira/src/ros2/ros2_ws/install/setup.zsh'
