[0.160s] DEBUG:colcon:Command line arguments: ['/usr/bin/colcon', 'build', '--symlink-install', '--packages-select', 'ros1_bridge']
[0.160s] DEBUG:colcon:Parsed command line arguments: Namespace(ament_cmake_args=None, base_paths='.', build_base='build', catkin_cmake_args=None, catkin_skip_building_tests=False, cmake_args=None, cmake_clean_cache=False, cmake_clean_first=False, cmake_force_configure=False, cmake_target=None, cmake_target_skip_unavailable=False, continue_on_error=False, event_handlers=None, executor='parallel', ignore_user_meta=False, install_base='install', log_base=None, log_level=None, main=<bound method BuildVerb.main of <colcon_core.verb.build.BuildVerb object at 0x7fd5b740f2e8>>, merge_install=False, metas='./colcon.meta', packages_above=None, packages_above_depth=None, packages_end=None, packages_ignore=None, packages_ignore_regex=None, packages_select=['ros1_bridge'], packages_select_build_failed=False, packages_select_by_dep=None, packages_select_regex=None, packages_select_test_failures=False, packages_skip=None, packages_skip_build_finished=False, packages_skip_by_dep=None, packages_skip_regex=None, packages_skip_test_passed=False, packages_skip_up_to=None, packages_start=None, packages_up_to=None, parallel_workers=4, paths=None, symlink_install=True, test_result_base=None, verb_extension=<colcon_core.verb.build.BuildVerb object at 0x7fd5b740f2e8>, verb_name='build', verb_parser=<colcon_defaults.argument_parser.defaults.DefaultArgumentsDecorator object at 0x7fd5b740f630>)
[0.219s] Level 1:colcon.colcon_core.package_discovery:discover_packages(colcon_meta) check parameters
[0.219s] Level 1:colcon.colcon_core.package_discovery:discover_packages(recursive) check parameters
[0.219s] Level 1:colcon.colcon_core.package_discovery:discover_packages(ignore) check parameters
[0.219s] Level 1:colcon.colcon_core.package_discovery:discover_packages(path) check parameters
[0.219s] Level 1:colcon.colcon_core.package_discovery:discover_packages(recursive) discover
[0.219s] INFO:colcon.colcon_core.package_discovery:Crawling recursively for packages in '/home/iclab/kym_fira/src/ros2/ros2_ws'
[0.219s] Level 1:colcon.colcon_core.package_identification:_identify(/home/iclab/kym_fira/src/ros2/ros2_ws) by extensions ['ignore', 'ignore_ament_install']
[0.220s] Level 1:colcon.colcon_core.package_identification:_identify(/home/iclab/kym_fira/src/ros2/ros2_ws) by extension 'ignore'
[0.220s] Level 1:colcon.colcon_core.package_identification:_identify(/home/iclab/kym_fira/src/ros2/ros2_ws) by extension 'ignore_ament_install'
[0.220s] Level 1:colcon.colcon_core.package_identification:_identify(/home/iclab/kym_fira/src/ros2/ros2_ws) by extensions ['colcon_pkg']
[0.220s] Level 1:colcon.colcon_core.package_identification:_identify(/home/iclab/kym_fira/src/ros2/ros2_ws) by extension 'colcon_pkg'
[0.220s] Level 1:colcon.colcon_core.package_identification:_identify(/home/iclab/kym_fira/src/ros2/ros2_ws) by extensions ['colcon_meta']
[0.220s] Level 1:colcon.colcon_core.package_identification:_identify(/home/iclab/kym_fira/src/ros2/ros2_ws) by extension 'colcon_meta'
[0.220s] Level 1:colcon.colcon_core.package_identification:_identify(/home/iclab/kym_fira/src/ros2/ros2_ws) by extensions ['ros']
[0.220s] Level 1:colcon.colcon_core.package_identification:_identify(/home/iclab/kym_fira/src/ros2/ros2_ws) by extension 'ros'
[0.232s] Level 1:colcon.colcon_core.package_identification:_identify(/home/iclab/kym_fira/src/ros2/ros2_ws) by extensions ['cmake', 'python']
[0.232s] Level 1:colcon.colcon_core.package_identification:_identify(/home/iclab/kym_fira/src/ros2/ros2_ws) by extension 'cmake'
[0.232s] Level 1:colcon.colcon_core.package_identification:_identify(/home/iclab/kym_fira/src/ros2/ros2_ws) by extension 'python'
[0.232s] Level 1:colcon.colcon_core.package_identification:_identify(/home/iclab/kym_fira/src/ros2/ros2_ws) by extensions ['python_setup_py']
[0.232s] Level 1:colcon.colcon_core.package_identification:_identify(/home/iclab/kym_fira/src/ros2/ros2_ws) by extension 'python_setup_py'
[0.232s] Level 1:colcon.colcon_core.package_identification:_identify(/home/iclab/kym_fira/src/ros2/ros2_ws/build) by extensions ['ignore', 'ignore_ament_install']
[0.232s] Level 1:colcon.colcon_core.package_identification:_identify(/home/iclab/kym_fira/src/ros2/ros2_ws/build) by extension 'ignore'
[0.232s] Level 1:colcon.colcon_core.package_identification:_identify(/home/iclab/kym_fira/src/ros2/ros2_ws/build) ignored
[0.233s] Level 1:colcon.colcon_core.package_identification:_identify(/home/iclab/kym_fira/src/ros2/ros2_ws/install) by extensions ['ignore', 'ignore_ament_install']
[0.233s] Level 1:colcon.colcon_core.package_identification:_identify(/home/iclab/kym_fira/src/ros2/ros2_ws/install) by extension 'ignore'
[0.233s] Level 1:colcon.colcon_core.package_identification:_identify(/home/iclab/kym_fira/src/ros2/ros2_ws/install) ignored
[0.233s] Level 1:colcon.colcon_core.package_identification:_identify(/home/iclab/kym_fira/src/ros2/ros2_ws/log) by extensions ['ignore', 'ignore_ament_install']
[0.233s] Level 1:colcon.colcon_core.package_identification:_identify(/home/iclab/kym_fira/src/ros2/ros2_ws/log) by extension 'ignore'
[0.233s] Level 1:colcon.colcon_core.package_identification:_identify(/home/iclab/kym_fira/src/ros2/ros2_ws/log) ignored
[0.234s] Level 1:colcon.colcon_core.package_identification:_identify(/home/iclab/kym_fira/src/ros2/ros2_ws/src) by extensions ['ignore', 'ignore_ament_install']
[0.234s] Level 1:colcon.colcon_core.package_identification:_identify(/home/iclab/kym_fira/src/ros2/ros2_ws/src) by extension 'ignore'
[0.234s] Level 1:colcon.colcon_core.package_identification:_identify(/home/iclab/kym_fira/src/ros2/ros2_ws/src) by extension 'ignore_ament_install'
[0.234s] Level 1:colcon.colcon_core.package_identification:_identify(/home/iclab/kym_fira/src/ros2/ros2_ws/src) by extensions ['colcon_pkg']
[0.234s] Level 1:colcon.colcon_core.package_identification:_identify(/home/iclab/kym_fira/src/ros2/ros2_ws/src) by extension 'colcon_pkg'
[0.234s] Level 1:colcon.colcon_core.package_identification:_identify(/home/iclab/kym_fira/src/ros2/ros2_ws/src) by extensions ['colcon_meta']
[0.234s] Level 1:colcon.colcon_core.package_identification:_identify(/home/iclab/kym_fira/src/ros2/ros2_ws/src) by extension 'colcon_meta'
[0.234s] Level 1:colcon.colcon_core.package_identification:_identify(/home/iclab/kym_fira/src/ros2/ros2_ws/src) by extensions ['ros']
[0.234s] Level 1:colcon.colcon_core.package_identification:_identify(/home/iclab/kym_fira/src/ros2/ros2_ws/src) by extension 'ros'
[0.234s] Level 1:colcon.colcon_core.package_identification:_identify(/home/iclab/kym_fira/src/ros2/ros2_ws/src) by extensions ['cmake', 'python']
[0.234s] Level 1:colcon.colcon_core.package_identification:_identify(/home/iclab/kym_fira/src/ros2/ros2_ws/src) by extension 'cmake'
[0.234s] Level 1:colcon.colcon_core.package_identification:_identify(/home/iclab/kym_fira/src/ros2/ros2_ws/src) by extension 'python'
[0.234s] Level 1:colcon.colcon_core.package_identification:_identify(/home/iclab/kym_fira/src/ros2/ros2_ws/src) by extensions ['python_setup_py']
[0.235s] Level 1:colcon.colcon_core.package_identification:_identify(/home/iclab/kym_fira/src/ros2/ros2_ws/src) by extension 'python_setup_py'
[0.235s] Level 1:colcon.colcon_core.package_identification:_identify(/home/iclab/kym_fira/src/ros2/ros2_ws/src/ros1_bridge) by extensions ['ignore', 'ignore_ament_install']
[0.235s] Level 1:colcon.colcon_core.package_identification:_identify(/home/iclab/kym_fira/src/ros2/ros2_ws/src/ros1_bridge) by extension 'ignore'
[0.235s] Level 1:colcon.colcon_core.package_identification:_identify(/home/iclab/kym_fira/src/ros2/ros2_ws/src/ros1_bridge) by extension 'ignore_ament_install'
[0.235s] Level 1:colcon.colcon_core.package_identification:_identify(/home/iclab/kym_fira/src/ros2/ros2_ws/src/ros1_bridge) by extensions ['colcon_pkg']
[0.235s] Level 1:colcon.colcon_core.package_identification:_identify(/home/iclab/kym_fira/src/ros2/ros2_ws/src/ros1_bridge) by extension 'colcon_pkg'
[0.235s] Level 1:colcon.colcon_core.package_identification:_identify(/home/iclab/kym_fira/src/ros2/ros2_ws/src/ros1_bridge) by extensions ['colcon_meta']
[0.235s] Level 1:colcon.colcon_core.package_identification:_identify(/home/iclab/kym_fira/src/ros2/ros2_ws/src/ros1_bridge) by extension 'colcon_meta'
[0.235s] Level 1:colcon.colcon_core.package_identification:_identify(/home/iclab/kym_fira/src/ros2/ros2_ws/src/ros1_bridge) by extensions ['ros']
[0.235s] Level 1:colcon.colcon_core.package_identification:_identify(/home/iclab/kym_fira/src/ros2/ros2_ws/src/ros1_bridge) by extension 'ros'
[0.238s] DEBUG:colcon.colcon_core.package_identification:Package '/home/iclab/kym_fira/src/ros2/ros2_ws/src/ros1_bridge' with type 'ros.ament_cmake' and name 'ros1_bridge'
[0.238s] Level 1:colcon.colcon_core.package_identification:_identify(/home/iclab/kym_fira/src/ros2/ros2_ws/src/strategy) by extensions ['ignore', 'ignore_ament_install']
[0.238s] Level 1:colcon.colcon_core.package_identification:_identify(/home/iclab/kym_fira/src/ros2/ros2_ws/src/strategy) by extension 'ignore'
[0.239s] Level 1:colcon.colcon_core.package_identification:_identify(/home/iclab/kym_fira/src/ros2/ros2_ws/src/strategy) by extension 'ignore_ament_install'
[0.239s] Level 1:colcon.colcon_core.package_identification:_identify(/home/iclab/kym_fira/src/ros2/ros2_ws/src/strategy) by extensions ['colcon_pkg']
[0.239s] Level 1:colcon.colcon_core.package_identification:_identify(/home/iclab/kym_fira/src/ros2/ros2_ws/src/strategy) by extension 'colcon_pkg'
[0.239s] Level 1:colcon.colcon_core.package_identification:_identify(/home/iclab/kym_fira/src/ros2/ros2_ws/src/strategy) by extensions ['colcon_meta']
[0.239s] Level 1:colcon.colcon_core.package_identification:_identify(/home/iclab/kym_fira/src/ros2/ros2_ws/src/strategy) by extension 'colcon_meta'
[0.239s] Level 1:colcon.colcon_core.package_identification:_identify(/home/iclab/kym_fira/src/ros2/ros2_ws/src/strategy) by extensions ['ros']
[0.239s] Level 1:colcon.colcon_core.package_identification:_identify(/home/iclab/kym_fira/src/ros2/ros2_ws/src/strategy) by extension 'ros'
[0.240s] DEBUG:colcon.colcon_core.package_identification:Package '/home/iclab/kym_fira/src/ros2/ros2_ws/src/strategy' with type 'ros.ament_cmake' and name 'strategy'
[0.240s] Level 1:colcon.colcon_core.package_discovery:discover_packages(recursive) using defaults
[0.243s] INFO:colcon.colcon_core.package_selection:Skipping not selected package 'strategy' in '/home/iclab/kym_fira/src/ros2/ros2_ws/src/strategy'
[0.246s] Level 5:colcon.colcon_core.verb:set package 'ros1_bridge' build argument 'cmake_args' from command line to 'None'
[0.246s] Level 5:colcon.colcon_core.verb:set package 'ros1_bridge' build argument 'cmake_target' from command line to 'None'
[0.246s] Level 5:colcon.colcon_core.verb:set package 'ros1_bridge' build argument 'cmake_target_skip_unavailable' from command line to 'False'
[0.246s] Level 5:colcon.colcon_core.verb:set package 'ros1_bridge' build argument 'cmake_clean_cache' from command line to 'False'
[0.246s] Level 5:colcon.colcon_core.verb:set package 'ros1_bridge' build argument 'cmake_clean_first' from command line to 'False'
[0.246s] Level 5:colcon.colcon_core.verb:set package 'ros1_bridge' build argument 'cmake_force_configure' from command line to 'False'
[0.246s] Level 5:colcon.colcon_core.verb:set package 'ros1_bridge' build argument 'ament_cmake_args' from command line to 'None'
[0.246s] Level 5:colcon.colcon_core.verb:set package 'ros1_bridge' build argument 'catkin_cmake_args' from command line to 'None'
[0.246s] Level 5:colcon.colcon_core.verb:set package 'ros1_bridge' build argument 'catkin_skip_building_tests' from command line to 'False'
[0.246s] DEBUG:colcon.colcon_core.verb:Building package 'ros1_bridge' with the following arguments: {'ament_cmake_args': None, 'build_base': '/home/iclab/kym_fira/src/ros2/ros2_ws/build/ros1_bridge', 'catkin_cmake_args': None, 'catkin_skip_building_tests': False, 'cmake_args': None, 'cmake_clean_cache': False, 'cmake_clean_first': False, 'cmake_force_configure': False, 'cmake_target': None, 'cmake_target_skip_unavailable': False, 'install_base': '/home/iclab/kym_fira/src/ros2/ros2_ws/install/ros1_bridge', 'merge_install': False, 'path': '/home/iclab/kym_fira/src/ros2/ros2_ws/src/ros1_bridge', 'symlink_install': True, 'test_result_base': None}
[0.247s] INFO:colcon.colcon_core.executor:Executing jobs using 'parallel' executor
[0.248s] DEBUG:colcon.colcon_parallel_executor.executor.parallel:run_until_complete
[0.249s] INFO:colcon.colcon_ros.task.ament_cmake.build:Building ROS package in '/home/iclab/kym_fira/src/ros2/ros2_ws/src/ros1_bridge' with build type 'ament_cmake'
[0.253s] INFO:colcon.colcon_core.plugin_system:Skipping extension 'colcon_core.shell.bat': Not used on non-Windows systems
[0.253s] INFO:colcon.colcon_cmake.task.cmake.build:Building CMake package in '/home/iclab/kym_fira/src/ros2/ros2_ws/src/ros1_bridge'
[0.254s] INFO:colcon.colcon_core.shell:Skip shell extension 'powershell' for command environment: Not usable outside of PowerShell
[0.254s] DEBUG:colcon.colcon_core.shell:Skip shell extension 'dsv' for command environment
[0.257s] DEBUG:colcon.colcon_core.shell:Ignoring prefix path '/opt/ros/dashing'
[0.257s] DEBUG:colcon.colcon_core.shell:Ignoring prefix path '/home/iclab/kym_fira/devel'
[0.257s] DEBUG:colcon.colcon_core.shell:Ignoring prefix path '/opt/ros/melodic'
[0.269s] DEBUG:colcon.colcon_core.event_handler.log_command:Invoking command in '/home/iclab/kym_fira/src/ros2/ros2_ws/build/ros1_bridge': CMAKE_PREFIX_PATH=/home/iclab/kym_fira/src/ros2/ros2_ws/install/strategy:/opt/ros/dashing:/home/iclab/kym_fira/devel:/opt/ros/melodic /usr/bin/cmake /home/iclab/kym_fira/src/ros2/ros2_ws/src/ros1_bridge -DAMENT_CMAKE_SYMLINK_INSTALL=1 -DCMAKE_INSTALL_PREFIX=/home/iclab/kym_fira/src/ros2/ros2_ws/install/ros1_bridge
[12.825s] DEBUG:colcon.colcon_core.event_handler.log_command:Invoked command in '/home/iclab/kym_fira/src/ros2/ros2_ws/build/ros1_bridge' returned '0': CMAKE_PREFIX_PATH=/home/iclab/kym_fira/src/ros2/ros2_ws/install/strategy:/opt/ros/dashing:/home/iclab/kym_fira/devel:/opt/ros/melodic /usr/bin/cmake /home/iclab/kym_fira/src/ros2/ros2_ws/src/ros1_bridge -DAMENT_CMAKE_SYMLINK_INSTALL=1 -DCMAKE_INSTALL_PREFIX=/home/iclab/kym_fira/src/ros2/ros2_ws/install/ros1_bridge
[12.828s] DEBUG:colcon.colcon_core.event_handler.log_command:Invoking command in '/home/iclab/kym_fira/src/ros2/ros2_ws/build/ros1_bridge': CMAKE_PREFIX_PATH=/home/iclab/kym_fira/src/ros2/ros2_ws/install/strategy:/opt/ros/dashing:/home/iclab/kym_fira/devel:/opt/ros/melodic /usr/bin/cmake --build /home/iclab/kym_fira/src/ros2/ros2_ws/build/ros1_bridge -- -j4 -l4
[1017.638s] DEBUG:colcon.colcon_core.event_handler.log_command:Invoked command in '/home/iclab/kym_fira/src/ros2/ros2_ws/build/ros1_bridge' returned '0': CMAKE_PREFIX_PATH=/home/iclab/kym_fira/src/ros2/ros2_ws/install/strategy:/opt/ros/dashing:/home/iclab/kym_fira/devel:/opt/ros/melodic /usr/bin/cmake --build /home/iclab/kym_fira/src/ros2/ros2_ws/build/ros1_bridge -- -j4 -l4
[1018.321s] DEBUG:colcon.colcon_core.event_handler.log_command:Invoking command in '/home/iclab/kym_fira/src/ros2/ros2_ws/build/ros1_bridge': CMAKE_PREFIX_PATH=/home/iclab/kym_fira/src/ros2/ros2_ws/install/strategy:/opt/ros/dashing:/home/iclab/kym_fira/devel:/opt/ros/melodic /usr/bin/cmake --build /home/iclab/kym_fira/src/ros2/ros2_ws/build/ros1_bridge --target install
[1020.411s] Level 1:colcon.colcon_core.environment:create_environment_scripts_only(ros1_bridge)
[1020.413s] DEBUG:colcon.colcon_core.event_handler.log_command:Invoked command in '/home/iclab/kym_fira/src/ros2/ros2_ws/build/ros1_bridge' returned '0': CMAKE_PREFIX_PATH=/home/iclab/kym_fira/src/ros2/ros2_ws/install/strategy:/opt/ros/dashing:/home/iclab/kym_fira/devel:/opt/ros/melodic /usr/bin/cmake --build /home/iclab/kym_fira/src/ros2/ros2_ws/build/ros1_bridge --target install
[1020.420s] Level 1:colcon.colcon_core.environment:checking '/home/iclab/kym_fira/src/ros2/ros2_ws/install/ros1_bridge' for CMake module files
[1020.421s] Level 1:colcon.colcon_core.environment:checking '/home/iclab/kym_fira/src/ros2/ros2_ws/install/ros1_bridge' for CMake config files
[1020.422s] Level 1:colcon.colcon_core.shell:create_environment_hook('ros1_bridge', 'cmake_prefix_path')
[1020.424s] INFO:colcon.colcon_core.shell:Creating environment hook '/home/iclab/kym_fira/src/ros2/ros2_ws/install/ros1_bridge/share/ros1_bridge/hook/cmake_prefix_path.ps1'
[1020.425s] INFO:colcon.colcon_core.shell:Creating environment descriptor '/home/iclab/kym_fira/src/ros2/ros2_ws/install/ros1_bridge/share/ros1_bridge/hook/cmake_prefix_path.dsv'
[1020.426s] INFO:colcon.colcon_core.shell:Creating environment hook '/home/iclab/kym_fira/src/ros2/ros2_ws/install/ros1_bridge/share/ros1_bridge/hook/cmake_prefix_path.sh'
[1020.428s] Level 1:colcon.colcon_core.environment:checking '/home/iclab/kym_fira/src/ros2/ros2_ws/install/ros1_bridge/lib'
[1020.429s] Level 1:colcon.colcon_core.shell:create_environment_hook('ros1_bridge', 'ld_library_path_lib')
[1020.430s] INFO:colcon.colcon_core.shell:Creating environment hook '/home/iclab/kym_fira/src/ros2/ros2_ws/install/ros1_bridge/share/ros1_bridge/hook/ld_library_path_lib.ps1'
[1020.431s] INFO:colcon.colcon_core.shell:Creating environment descriptor '/home/iclab/kym_fira/src/ros2/ros2_ws/install/ros1_bridge/share/ros1_bridge/hook/ld_library_path_lib.dsv'
[1020.432s] INFO:colcon.colcon_core.shell:Creating environment hook '/home/iclab/kym_fira/src/ros2/ros2_ws/install/ros1_bridge/share/ros1_bridge/hook/ld_library_path_lib.sh'
[1020.432s] Level 1:colcon.colcon_core.environment:checking '/home/iclab/kym_fira/src/ros2/ros2_ws/install/ros1_bridge/bin'
[1020.433s] Level 1:colcon.colcon_core.environment:checking '/home/iclab/kym_fira/src/ros2/ros2_ws/install/ros1_bridge/lib/pkgconfig/ros1_bridge.pc'
[1020.433s] Level 1:colcon.colcon_core.environment:checking '/home/iclab/kym_fira/src/ros2/ros2_ws/install/ros1_bridge/lib/python3.6/site-packages'
[1020.433s] Level 1:colcon.colcon_core.shell:create_environment_hook('ros1_bridge', 'pythonpath')
[1020.435s] INFO:colcon.colcon_core.shell:Creating environment hook '/home/iclab/kym_fira/src/ros2/ros2_ws/install/ros1_bridge/share/ros1_bridge/hook/pythonpath.ps1'
[1020.436s] INFO:colcon.colcon_core.shell:Creating environment descriptor '/home/iclab/kym_fira/src/ros2/ros2_ws/install/ros1_bridge/share/ros1_bridge/hook/pythonpath.dsv'
[1020.436s] INFO:colcon.colcon_core.shell:Creating environment hook '/home/iclab/kym_fira/src/ros2/ros2_ws/install/ros1_bridge/share/ros1_bridge/hook/pythonpath.sh'
[1020.439s] INFO:colcon.colcon_core.shell:Creating package script '/home/iclab/kym_fira/src/ros2/ros2_ws/install/ros1_bridge/share/ros1_bridge/package.ps1'
[1020.441s] INFO:colcon.colcon_core.shell:Creating package descriptor '/home/iclab/kym_fira/src/ros2/ros2_ws/install/ros1_bridge/share/ros1_bridge/package.dsv'
[1020.443s] INFO:colcon.colcon_core.shell:Creating package script '/home/iclab/kym_fira/src/ros2/ros2_ws/install/ros1_bridge/share/ros1_bridge/package.sh'
[1020.446s] INFO:colcon.colcon_core.shell:Creating package script '/home/iclab/kym_fira/src/ros2/ros2_ws/install/ros1_bridge/share/ros1_bridge/package.bash'
[1020.449s] INFO:colcon.colcon_core.shell:Creating package script '/home/iclab/kym_fira/src/ros2/ros2_ws/install/ros1_bridge/share/ros1_bridge/package.zsh'
[1020.454s] Level 1:colcon.colcon_core.environment:create_file_with_runtime_dependencies(/home/iclab/kym_fira/src/ros2/ros2_ws/install/ros1_bridge/share/colcon-core/packages/ros1_bridge)
[1020.456s] DEBUG:colcon.colcon_parallel_executor.executor.parallel:closing loop
[1020.461s] DEBUG:colcon.colcon_parallel_executor.executor.parallel:loop closed
[1020.461s] DEBUG:colcon.colcon_parallel_executor.executor.parallel:run_until_complete finished with '0'
[1020.461s] DEBUG:colcon.colcon_core.event_reactor:joining thread
[1020.476s] INFO:colcon.colcon_core.plugin_system:Skipping extension 'colcon_notification.desktop_notification.terminal_notifier': Not used on non-Darwin systems
[1020.476s] INFO:colcon.colcon_core.plugin_system:Skipping extension 'colcon_notification.desktop_notification.win32': Not used on non-Windows systems
[1020.476s] INFO:colcon.colcon_notification.desktop_notification:Sending desktop notification using 'notify2'
[1020.484s] DEBUG:colcon.colcon_core.event_reactor:joined thread
[1020.486s] INFO:colcon.colcon_core.shell:Creating prefix script '/home/iclab/kym_fira/src/ros2/ros2_ws/install/local_setup.ps1'
[1020.488s] INFO:colcon.colcon_core.shell:Creating prefix chain script '/home/iclab/kym_fira/src/ros2/ros2_ws/install/setup.ps1'
[1020.493s] INFO:colcon.colcon_core.shell:Creating prefix script '/home/iclab/kym_fira/src/ros2/ros2_ws/install/local_setup.sh'
[1020.494s] INFO:colcon.colcon_core.shell:Creating prefix util module '/home/iclab/kym_fira/src/ros2/ros2_ws/install/_local_setup_util_sh.py'
[1020.497s] INFO:colcon.colcon_core.shell:Creating prefix chain script '/home/iclab/kym_fira/src/ros2/ros2_ws/install/setup.sh'
[1020.537s] INFO:colcon.colcon_core.shell:Creating prefix script '/home/iclab/kym_fira/src/ros2/ros2_ws/install/local_setup.bash'
[1020.543s] INFO:colcon.colcon_core.shell:Creating prefix chain script '/home/iclab/kym_fira/src/ros2/ros2_ws/install/setup.bash'
[1020.549s] INFO:colcon.colcon_core.shell:Creating prefix script '/home/iclab/kym_fira/src/ros2/ros2_ws/install/local_setup.zsh'
[1020.551s] INFO:colcon.colcon_core.shell:Creating prefix chain script '/home/iclab/kym_fira/src/ros2/ros2_ws/install/setup.zsh'
